{
  "stats": {
    "suites": 12,
    "tests": 22,
    "passes": 18,
    "pending": 4,
    "failures": 0,
    "start": "2021-05-29T16:09:35.219Z",
    "end": "2021-05-29T16:09:35.320Z",
    "duration": 101,
    "testsRegistered": 22,
    "passPercent": 100,
    "pendingPercent": 18.181818181818183,
    "other": 0,
    "hasOther": false,
    "skipped": 0,
    "hasSkipped": false
  },
  "results": [
    {
      "uuid": "3a32c4db-361e-417c-8624-0a7aad514598",
      "title": "",
      "fullFile": "",
      "file": "",
      "beforeHooks": [],
      "afterHooks": [],
      "tests": [],
      "suites": [
        {
          "uuid": "950cbab8-5eef-4581-aa8a-50ce8116a32f",
          "title": "Promise testing",
          "fullFile": "/home/ccastano/testing/curso_test/test-chai/chai-as-promised/example-promises.js",
          "file": "/test-chai/chai-as-promised/example-promises.js",
          "beforeHooks": [],
          "afterHooks": [],
          "tests": [
            {
              "title": "Promise resolve",
              "fullTitle": "Promise testing Promise resolve",
              "timedOut": false,
              "duration": 1,
              "state": "passed",
              "speed": "fast",
              "pass": true,
              "fail": false,
              "pending": false,
              "context": null,
              "code": "return (0, _promise.promiseSumFunction)(1, 2).should.eventually.eq(3);",
              "err": {},
              "uuid": "091ad892-de4e-4a7d-b585-e60cd45cffa3",
              "parentUUID": "950cbab8-5eef-4581-aa8a-50ce8116a32f",
              "isHook": false,
              "skipped": false
            },
            {
              "title": "Promise reject",
              "fullTitle": "Promise testing Promise reject",
              "timedOut": false,
              "duration": 0,
              "state": "passed",
              "speed": "fast",
              "pass": true,
              "fail": false,
              "pending": false,
              "context": null,
              "code": "return (0, _promise.promiseSumFunction)(2, -2).should.be.rejected;",
              "err": {},
              "uuid": "10a45147-9782-4cd9-82b3-4b40e6f98e06",
              "parentUUID": "950cbab8-5eef-4581-aa8a-50ce8116a32f",
              "isHook": false,
              "skipped": false
            },
            {
              "title": "Promise resolve with have",
              "fullTitle": "Promise testing Promise resolve with have",
              "timedOut": false,
              "duration": 2,
              "state": "passed",
              "speed": "fast",
              "pass": true,
              "fail": false,
              "pending": false,
              "context": null,
              "code": "return (0, _promise.promiseSumFunction2)(2, 2).then(function (resp) {\n  resp.should.have.property('result');\n});",
              "err": {},
              "uuid": "618afbaf-de66-4909-ae2c-08a21d0bab74",
              "parentUUID": "950cbab8-5eef-4581-aa8a-50ce8116a32f",
              "isHook": false,
              "skipped": false
            },
            {
              "title": "Promise resolve with become",
              "fullTitle": "Promise testing Promise resolve with become",
              "timedOut": false,
              "duration": 1,
              "state": "passed",
              "speed": "fast",
              "pass": true,
              "fail": false,
              "pending": false,
              "context": null,
              "code": "return (0, _promise.promiseSumFunction2)(1, 2).should.become(Obj);",
              "err": {},
              "uuid": "5a288130-d6d5-482c-9546-a95c0ee41dcd",
              "parentUUID": "950cbab8-5eef-4581-aa8a-50ce8116a32f",
              "isHook": false,
              "skipped": false
            },
            {
              "title": "Promise resolve with become",
              "fullTitle": "Promise testing Promise resolve with become",
              "timedOut": false,
              "duration": 0,
              "state": "passed",
              "speed": "fast",
              "pass": true,
              "fail": false,
              "pending": false,
              "context": null,
              "code": "return (0, _promise.promiseSumFunction2)(1, 2).should.become(Obj);",
              "err": {},
              "uuid": "4fa6cd24-d214-4f13-a0ae-de70a0b5d263",
              "parentUUID": "950cbab8-5eef-4581-aa8a-50ce8116a32f",
              "isHook": false,
              "skipped": false
            },
            {
              "title": "Multiple promise",
              "fullTitle": "Promise testing Multiple promise",
              "timedOut": false,
              "duration": 0,
              "state": "passed",
              "speed": "fast",
              "pass": true,
              "fail": false,
              "pending": false,
              "context": null,
              "code": "return Promise.all([(0, _promise.promiseSumFunction)(1, 2).should.eventually.eq(3), (0, _promise.promiseSumFunction)(2, -2).should.be.rejected, (0, _promise.promiseSumFunction2)(1, 2).should.become(Obj), (0, _promise.promiseSumFunction2)(1, 2).should.become(Obj)]);",
              "err": {},
              "uuid": "ee5e9235-8cd9-4564-be89-4a01899efc28",
              "parentUUID": "950cbab8-5eef-4581-aa8a-50ce8116a32f",
              "isHook": false,
              "skipped": false
            }
          ],
          "suites": [],
          "passes": [
            "091ad892-de4e-4a7d-b585-e60cd45cffa3",
            "10a45147-9782-4cd9-82b3-4b40e6f98e06",
            "618afbaf-de66-4909-ae2c-08a21d0bab74",
            "5a288130-d6d5-482c-9546-a95c0ee41dcd",
            "4fa6cd24-d214-4f13-a0ae-de70a0b5d263",
            "ee5e9235-8cd9-4564-be89-4a01899efc28"
          ],
          "failures": [],
          "pending": [],
          "skipped": [],
          "duration": 4,
          "root": false,
          "rootEmpty": false,
          "_timeout": 3000
        },
        {
          "uuid": "184f165e-08cd-44a6-acaf-3da543b12b7b",
          "title": "Chai-fetch",
          "fullFile": "/home/ccastano/testing/curso_test/test-chai/chai-fetch/chai-fetch.test.js",
          "file": "/test-chai/chai-fetch/chai-fetch.test.js",
          "beforeHooks": [
            {
              "title": "\"before each\" hook",
              "fullTitle": "Chai-fetch \"before each\" hook",
              "timedOut": false,
              "duration": 0,
              "state": null,
              "speed": null,
              "pass": false,
              "fail": false,
              "pending": false,
              "context": null,
              "code": "mockServer.start(9091);",
              "err": {},
              "uuid": "30a573b8-45c1-40c3-bb86-691422172184",
              "parentUUID": "184f165e-08cd-44a6-acaf-3da543b12b7b",
              "isHook": true,
              "skipped": false
            }
          ],
          "afterHooks": [
            {
              "title": "\"after each\" hook",
              "fullTitle": "Chai-fetch \"after each\" hook",
              "timedOut": false,
              "duration": 0,
              "state": null,
              "speed": null,
              "pass": false,
              "fail": false,
              "pending": false,
              "context": null,
              "code": "return mockServer.stop();",
              "err": {},
              "uuid": "4902c944-a3ca-448e-b6ae-3be857cff9ea",
              "parentUUID": "184f165e-08cd-44a6-acaf-3da543b12b7b",
              "isHook": true,
              "skipped": false
            }
          ],
          "tests": [],
          "suites": [
            {
              "uuid": "e2bf6349-86bd-4e8c-8d25-4d5553a8200d",
              "title": ".responseText",
              "fullFile": "/home/ccastano/testing/curso_test/test-chai/chai-fetch/chai-fetch.test.js",
              "file": "/test-chai/chai-fetch/chai-fetch.test.js",
              "beforeHooks": [],
              "afterHooks": [],
              "tests": [
                {
                  "title": "should match responses with matching bodies",
                  "fullTitle": "Chai-fetch .responseText should match responses with matching bodies",
                  "timedOut": false,
                  "duration": 0,
                  "state": "pending",
                  "speed": null,
                  "pass": false,
                  "fail": false,
                  "pending": true,
                  "context": null,
                  "code": "",
                  "err": {},
                  "uuid": "4c94d5ab-bd3b-41d9-ae28-a4f946928ba6",
                  "parentUUID": "e2bf6349-86bd-4e8c-8d25-4d5553a8200d",
                  "isHook": false,
                  "skipped": false
                },
                {
                  "title": "should not match responses with matching bodies",
                  "fullTitle": "Chai-fetch .responseText should not match responses with matching bodies",
                  "timedOut": false,
                  "duration": 0,
                  "state": "pending",
                  "speed": null,
                  "pass": false,
                  "fail": false,
                  "pending": true,
                  "context": null,
                  "code": "",
                  "err": {},
                  "uuid": "d97122e2-9c05-4f71-bfe7-77edbcd26a8e",
                  "parentUUID": "e2bf6349-86bd-4e8c-8d25-4d5553a8200d",
                  "isHook": false,
                  "skipped": false
                }
              ],
              "suites": [],
              "passes": [],
              "failures": [],
              "pending": [
                "4c94d5ab-bd3b-41d9-ae28-a4f946928ba6",
                "d97122e2-9c05-4f71-bfe7-77edbcd26a8e"
              ],
              "skipped": [],
              "duration": 0,
              "root": false,
              "rootEmpty": false,
              "_timeout": 3000
            }
          ],
          "passes": [],
          "failures": [],
          "pending": [],
          "skipped": [],
          "duration": 0,
          "root": false,
          "rootEmpty": false,
          "_timeout": 3000
        },
        {
          "uuid": "cc54c787-0d41-4306-9c5d-52f0b06eb064",
          "title": "fetchService",
          "fullFile": "/home/ccastano/testing/curso_test/test-chai/chai-fetch/frontend-express.test.js",
          "file": "/test-chai/chai-fetch/frontend-express.test.js",
          "beforeHooks": [],
          "afterHooks": [],
          "tests": [],
          "suites": [
            {
              "uuid": "3de9d2b3-94a0-47ea-9543-ab27582704ca",
              "title": "fetchService",
              "fullFile": "/home/ccastano/testing/curso_test/test-chai/chai-fetch/frontend-express.test.js",
              "file": "/test-chai/chai-fetch/frontend-express.test.js",
              "beforeHooks": [],
              "afterHooks": [],
              "tests": [
                {
                  "title": "fetchService",
                  "fullTitle": "fetchService fetchService fetchService",
                  "timedOut": false,
                  "duration": 0,
                  "state": "pending",
                  "speed": null,
                  "pass": false,
                  "fail": false,
                  "pending": true,
                  "context": null,
                  "code": "",
                  "err": {},
                  "uuid": "126923bb-0822-434a-aff6-73c7302c12ad",
                  "parentUUID": "3de9d2b3-94a0-47ea-9543-ab27582704ca",
                  "isHook": false,
                  "skipped": false
                }
              ],
              "suites": [],
              "passes": [],
              "failures": [],
              "pending": [
                "126923bb-0822-434a-aff6-73c7302c12ad"
              ],
              "skipped": [],
              "duration": 0,
              "root": false,
              "rootEmpty": false,
              "_timeout": 3000
            }
          ],
          "passes": [],
          "failures": [],
          "pending": [],
          "skipped": [],
          "duration": 0,
          "root": false,
          "rootEmpty": false,
          "_timeout": 3000
        },
        {
          "uuid": "d9f04738-551b-4a9a-93ea-b15f53c8e74f",
          "title": "fetchService",
          "fullFile": "/home/ccastano/testing/curso_test/test-chai/chai-fetch/frontend.test.js",
          "file": "/test-chai/chai-fetch/frontend.test.js",
          "beforeHooks": [
            {
              "title": "\"before each\" hook",
              "fullTitle": "fetchService \"before each\" hook",
              "timedOut": false,
              "duration": 0,
              "state": null,
              "speed": null,
              "pass": false,
              "fail": false,
              "pending": false,
              "context": null,
              "code": "mockServer.start(9090);",
              "err": {},
              "uuid": "25b08842-8f82-4633-a8dd-c9421c2d08bc",
              "parentUUID": "d9f04738-551b-4a9a-93ea-b15f53c8e74f",
              "isHook": true,
              "skipped": false
            }
          ],
          "afterHooks": [
            {
              "title": "\"after each\" hook",
              "fullTitle": "fetchService \"after each\" hook",
              "timedOut": false,
              "duration": 0,
              "state": null,
              "speed": null,
              "pass": false,
              "fail": false,
              "pending": false,
              "context": null,
              "code": "return mockServer.stop();",
              "err": {},
              "uuid": "c4bbd797-c180-4eec-9a91-6900a9ee0cd6",
              "parentUUID": "d9f04738-551b-4a9a-93ea-b15f53c8e74f",
              "isHook": true,
              "skipped": false
            }
          ],
          "tests": [],
          "suites": [
            {
              "uuid": "f15091c0-316e-4e5e-a8cf-06df3876aabe",
              "title": "fetchService",
              "fullFile": "/home/ccastano/testing/curso_test/test-chai/chai-fetch/frontend.test.js",
              "file": "/test-chai/chai-fetch/frontend.test.js",
              "beforeHooks": [],
              "afterHooks": [],
              "tests": [
                {
                  "title": "fetchService",
                  "fullTitle": "fetchService fetchService fetchService",
                  "timedOut": false,
                  "duration": 0,
                  "state": "pending",
                  "speed": null,
                  "pass": false,
                  "fail": false,
                  "pending": true,
                  "context": null,
                  "code": "",
                  "err": {},
                  "uuid": "5acfa0d5-ca57-4c3a-bde3-824ca31851b0",
                  "parentUUID": "f15091c0-316e-4e5e-a8cf-06df3876aabe",
                  "isHook": false,
                  "skipped": false
                }
              ],
              "suites": [],
              "passes": [],
              "failures": [],
              "pending": [
                "5acfa0d5-ca57-4c3a-bde3-824ca31851b0"
              ],
              "skipped": [],
              "duration": 0,
              "root": false,
              "rootEmpty": false,
              "_timeout": 3000
            }
          ],
          "passes": [],
          "failures": [],
          "pending": [],
          "skipped": [],
          "duration": 0,
          "root": false,
          "rootEmpty": false,
          "_timeout": 3000
        },
        {
          "uuid": "56c9c444-c5c8-4c7b-81df-d54be4ba0012",
          "title": "set-pruebas-plugin-fs",
          "fullFile": "/home/ccastano/testing/curso_test/test-chai/fs-chai/ejemplo-fs.js",
          "file": "/test-chai/fs-chai/ejemplo-fs.js",
          "beforeHooks": [],
          "afterHooks": [],
          "tests": [
            {
              "title": "dado una ruta en filesystem\n    cuando se tiene un directorio\n    entonces la validación isDirectory debe arrojar un resultado exitoso",
              "fullTitle": "set-pruebas-plugin-fs dado una ruta en filesystem\n    cuando se tiene un directorio\n    entonces la validación isDirectory debe arrojar un resultado exitoso",
              "timedOut": false,
              "duration": 1,
              "state": "passed",
              "speed": "fast",
              "pass": true,
              "fail": false,
              "pending": false,
              "context": null,
              "code": "var path = './archivos';\nchai.assert.isDirectory(path);",
              "err": {},
              "uuid": "73aeb351-79e1-4064-91ff-7ea1a18398a9",
              "parentUUID": "56c9c444-c5c8-4c7b-81df-d54be4ba0012",
              "isHook": false,
              "skipped": false
            },
            {
              "title": "dado una ruta en filesystem\n    cuando se tiene un directorio con archivos\n    entonces la validación notIsEmptyDirectory debe arrojar un resultado exitoso",
              "fullTitle": "set-pruebas-plugin-fs dado una ruta en filesystem\n    cuando se tiene un directorio con archivos\n    entonces la validación notIsEmptyDirectory debe arrojar un resultado exitoso",
              "timedOut": false,
              "duration": 1,
              "state": "passed",
              "speed": "fast",
              "pass": true,
              "fail": false,
              "pending": false,
              "context": null,
              "code": "var path = './archivos';\nchai.assert.notIsEmptyDirectory(path);",
              "err": {},
              "uuid": "fc11f3ed-4db7-4146-8cab-8c2511712d35",
              "parentUUID": "56c9c444-c5c8-4c7b-81df-d54be4ba0012",
              "isHook": false,
              "skipped": false
            },
            {
              "title": "dado una ruta en filesystem\n    cuando se tiene un archivo con contenido\n    entonces la validación notIsEmptyFile debe arrojar un resultado exitoso",
              "fullTitle": "set-pruebas-plugin-fs dado una ruta en filesystem\n    cuando se tiene un archivo con contenido\n    entonces la validación notIsEmptyFile debe arrojar un resultado exitoso",
              "timedOut": false,
              "duration": 1,
              "state": "passed",
              "speed": "fast",
              "pass": true,
              "fail": false,
              "pending": false,
              "context": null,
              "code": "var path = './archivos/archivo-json.json';\nchai.assert.notIsEmptyFile(path);",
              "err": {},
              "uuid": "0480f03c-c974-4b6d-b61a-9b1d75f90f06",
              "parentUUID": "56c9c444-c5c8-4c7b-81df-d54be4ba0012",
              "isHook": false,
              "skipped": false
            },
            {
              "title": "dado una ruta en filesystem\n    cuando se tiene un archivo con un json\n    entonces la validación jsonFile debe arrojar un resultado exitoso",
              "fullTitle": "set-pruebas-plugin-fs dado una ruta en filesystem\n    cuando se tiene un archivo con un json\n    entonces la validación jsonFile debe arrojar un resultado exitoso",
              "timedOut": false,
              "duration": 0,
              "state": "passed",
              "speed": "fast",
              "pass": true,
              "fail": false,
              "pending": false,
              "context": null,
              "code": "var path = './archivos/archivo-json2.json';\nchai.assert.jsonFile(path);",
              "err": {},
              "uuid": "c0b20026-04ee-4e5e-bce8-53e4679d2dff",
              "parentUUID": "56c9c444-c5c8-4c7b-81df-d54be4ba0012",
              "isHook": false,
              "skipped": false
            },
            {
              "title": "dado una ruta en filesystem\n    cuando se tiene un archivo con un json que tiene un esquema definido y el contenido del archivo cumple con dicho esquema\n    entonces la validación jsonSchemaFile debe arrojar un resultado exitoso",
              "fullTitle": "set-pruebas-plugin-fs dado una ruta en filesystem\n    cuando se tiene un archivo con un json que tiene un esquema definido y el contenido del archivo cumple con dicho esquema\n    entonces la validación jsonSchemaFile debe arrojar un resultado exitoso",
              "timedOut": false,
              "duration": 55,
              "state": "passed",
              "speed": "medium",
              "pass": true,
              "fail": false,
              "pending": false,
              "context": null,
              "code": "var esquema = {\n  \"type\": \"object\",\n  \"properties\": {\n    \"nombre\": {\n      \"type\": \"string\"\n    }\n  },\n  \"required\": [\"nombre\"]\n};\nvar path = './archivos/archivo-json2.json';\nchai.assert.jsonSchemaFile(path, esquema, 'descripción de error');",
              "err": {},
              "uuid": "2544ec61-fcb6-4d8e-b032-f75a4286f88a",
              "parentUUID": "56c9c444-c5c8-4c7b-81df-d54be4ba0012",
              "isHook": false,
              "skipped": false
            }
          ],
          "suites": [],
          "passes": [
            "73aeb351-79e1-4064-91ff-7ea1a18398a9",
            "fc11f3ed-4db7-4146-8cab-8c2511712d35",
            "0480f03c-c974-4b6d-b61a-9b1d75f90f06",
            "c0b20026-04ee-4e5e-bce8-53e4679d2dff",
            "2544ec61-fcb6-4d8e-b032-f75a4286f88a"
          ],
          "failures": [],
          "pending": [],
          "skipped": [],
          "duration": 58,
          "root": false,
          "rootEmpty": false,
          "_timeout": 3000
        },
        {
          "uuid": "6e4607e3-d888-4132-ae1b-d3d4e3d77e37",
          "title": "El objeto manzana tiene los atributos acordes con el esquema de manzana. El carro no.",
          "fullFile": "/home/ccastano/testing/curso_test/test-chai/json-schema-ajv/test-validate-data.js",
          "file": "/test-chai/json-schema-ajv/test-validate-data.js",
          "beforeHooks": [],
          "afterHooks": [],
          "tests": [
            {
              "title": "El objeto 'apple' cumple con el esquema de manzana.",
              "fullTitle": "El objeto manzana tiene los atributos acordes con el esquema de manzana. El carro no. El objeto 'apple' cumple con el esquema de manzana.",
              "timedOut": false,
              "duration": 6,
              "state": "passed",
              "speed": "fast",
              "pass": true,
              "fail": false,
              "pending": false,
              "context": null,
              "code": "expect(apple).to.be.jsonSchema(schema, \"custom flag\");\nassert.jsonSchema(apple, schema, \"custom flag\");",
              "err": {},
              "uuid": "6b81a3ae-b247-4e30-9626-b18398059173",
              "parentUUID": "6e4607e3-d888-4132-ae1b-d3d4e3d77e37",
              "isHook": false,
              "skipped": false
            },
            {
              "title": "El objeto 'car' no cumple con el esquema de manzana.",
              "fullTitle": "El objeto manzana tiene los atributos acordes con el esquema de manzana. El carro no. El objeto 'car' no cumple con el esquema de manzana.",
              "timedOut": false,
              "duration": 1,
              "state": "passed",
              "speed": "fast",
              "pass": true,
              "fail": false,
              "pending": false,
              "context": null,
              "code": "expect(car).to.not.be.jsonSchema(schema, \"custom flag\");\nassert.notJsonSchema(car, schema, \"custom flag\");",
              "err": {},
              "uuid": "56ed23f4-54d4-4362-83f5-f19768e00ffc",
              "parentUUID": "6e4607e3-d888-4132-ae1b-d3d4e3d77e37",
              "isHook": false,
              "skipped": false
            }
          ],
          "suites": [],
          "passes": [
            "6b81a3ae-b247-4e30-9626-b18398059173",
            "56ed23f4-54d4-4362-83f5-f19768e00ffc"
          ],
          "failures": [],
          "pending": [],
          "skipped": [],
          "duration": 7,
          "root": false,
          "rootEmpty": false,
          "_timeout": 3000
        },
        {
          "uuid": "cc23b7b9-566a-4be8-9ba5-169b23be98e3",
          "title": "yo como usuario quiero validar la respuesta de una API",
          "fullFile": "/home/ccastano/testing/curso_test/test-chai/json-schema-chai/json-schema.js",
          "file": "/test-chai/json-schema-chai/json-schema.js",
          "beforeHooks": [],
          "afterHooks": [],
          "tests": [
            {
              "title": "puedo validar el objeto goodApple con el schema fruitSchema",
              "fullTitle": "yo como usuario quiero validar la respuesta de una API puedo validar el objeto goodApple con el schema fruitSchema",
              "timedOut": false,
              "duration": 5,
              "state": "passed",
              "speed": "fast",
              "pass": true,
              "fail": false,
              "pending": false,
              "context": null,
              "code": "var goodApple = {\n  skin: 'thin',\n  colors: ['red', 'green', 'yellow'],\n  taste: 10\n}; //bdd style\nexpect(goodApple).to.be.jsonSchema(fruitSchema);\ngoodApple.should.be.jsonSchema(fruitSchema); //tdd style\nassert.jsonSchema(goodApple, fruitSchema);",
              "err": {},
              "uuid": "b18e034d-d21d-417b-9962-4e3aa2fdca13",
              "parentUUID": "cc23b7b9-566a-4be8-9ba5-169b23be98e3",
              "isHook": false,
              "skipped": false
            },
            {
              "title": "puedo validar el objeto badApple con el schema fruitSchema",
              "fullTitle": "yo como usuario quiero validar la respuesta de una API puedo validar el objeto badApple con el schema fruitSchema",
              "timedOut": false,
              "duration": 0,
              "state": "passed",
              "speed": "fast",
              "pass": true,
              "fail": false,
              "pending": false,
              "context": null,
              "code": "var badApple = {\n  colors: ['brown'],\n  taste: 0,\n  worms: 2\n}; //bdd style\nexpect(badApple).to.not.be.jsonSchema(fruitSchema);\nbadApple.should.not.be.jsonSchema(fruitSchema); //tdd style\nassert.notJsonSchema(badApple, fruitSchema);",
              "err": {},
              "uuid": "8b7c50e9-ac6a-4f7d-a720-0624c04161b1",
              "parentUUID": "cc23b7b9-566a-4be8-9ba5-169b23be98e3",
              "isHook": false,
              "skipped": false
            }
          ],
          "suites": [],
          "passes": [
            "b18e034d-d21d-417b-9962-4e3aa2fdca13",
            "8b7c50e9-ac6a-4f7d-a720-0624c04161b1"
          ],
          "failures": [],
          "pending": [],
          "skipped": [],
          "duration": 5,
          "root": false,
          "rootEmpty": false,
          "_timeout": 3000
        },
        {
          "uuid": "2fce67ca-0df1-4de1-b9f6-24a71b14da95",
          "title": "Usar calculadora",
          "fullFile": "/home/ccastano/testing/curso_test/test-chai/sinon-chai/example-should.test.js",
          "file": "/test-chai/sinon-chai/example-should.test.js",
          "beforeHooks": [],
          "afterHooks": [],
          "tests": [
            {
              "title": "puede llamar la funcion de Suma",
              "fullTitle": "Usar calculadora puede llamar la funcion de Suma",
              "timedOut": false,
              "duration": 3,
              "state": "passed",
              "speed": "fast",
              "pass": true,
              "fail": false,
              "pending": false,
              "context": null,
              "code": "var resultado = 5;\nvar sumaSpy = sinon.spy(r, \"suma\");\nvar consoleSpy = sinon.spy(console, \"log\");\nr.ejecutarOperacion(\"S\", 2, 3);\nsumaSpy.should.have.callCount(1); //sinon.assert.callCount(sumaSpy, 1);\n//sumaSpy.should.have.been.calledWith(2, 4);\n//sumaSpy.should.have.returned(5);\n//sumaSpy.should.have.been.calledAfter(consoleSpy);",
              "err": {},
              "uuid": "03e8f80f-8da2-4ef0-ba9e-3dc5b5912bab",
              "parentUUID": "2fce67ca-0df1-4de1-b9f6-24a71b14da95",
              "isHook": false,
              "skipped": false
            }
          ],
          "suites": [],
          "passes": [
            "03e8f80f-8da2-4ef0-ba9e-3dc5b5912bab"
          ],
          "failures": [],
          "pending": [],
          "skipped": [],
          "duration": 3,
          "root": false,
          "rootEmpty": false,
          "_timeout": 3000
        },
        {
          "uuid": "6ce5c919-4f1d-4337-80f2-04f8859755ca",
          "title": "yo como usuario de primaria deseo calcular la suma de 2 números",
          "fullFile": "/home/ccastano/testing/curso_test/test-chai/spy-chai/chaispies.js",
          "file": "/test-chai/spy-chai/chaispies.js",
          "beforeHooks": [],
          "afterHooks": [],
          "tests": [
            {
              "title": "prueba mock metodos encadenados",
              "fullTitle": "yo como usuario de primaria deseo calcular la suma de 2 números prueba mock metodos encadenados",
              "timedOut": false,
              "duration": 3,
              "state": "passed",
              "speed": "fast",
              "pass": true,
              "fail": false,
              "pending": false,
              "context": null,
              "code": "var self = this,\n    args = arguments;\nreturn new Promise(function (resolve, reject) {\n  var gen = fn.apply(self, args);\n  function _next(value) {\n    asyncGeneratorStep(gen, resolve, reject, _next, _throw, \"next\", value);\n  }\n  function _throw(err) {\n    asyncGeneratorStep(gen, resolve, reject, _next, _throw, \"throw\", err);\n  }\n  _next(undefined);\n});",
              "err": {},
              "uuid": "bb3fd61a-7427-420d-a946-b32e9def9488",
              "parentUUID": "6ce5c919-4f1d-4337-80f2-04f8859755ca",
              "isHook": false,
              "skipped": false
            },
            {
              "title": "se suman los valores de 2 + 3 y se espera un valor de 5",
              "fullTitle": "yo como usuario de primaria deseo calcular la suma de 2 números se suman los valores de 2 + 3 y se espera un valor de 5",
              "timedOut": false,
              "duration": 2,
              "state": "passed",
              "speed": "fast",
              "pass": true,
              "fail": false,
              "pending": false,
              "context": null,
              "code": "var self = this,\n    args = arguments;\nreturn new Promise(function (resolve, reject) {\n  var gen = fn.apply(self, args);\n  function _next(value) {\n    asyncGeneratorStep(gen, resolve, reject, _next, _throw, \"next\", value);\n  }\n  function _throw(err) {\n    asyncGeneratorStep(gen, resolve, reject, _next, _throw, \"throw\", err);\n  }\n  _next(undefined);\n});",
              "err": {},
              "uuid": "542f3d90-37fb-4bf4-b66e-0d457ac43a96",
              "parentUUID": "6ce5c919-4f1d-4337-80f2-04f8859755ca",
              "isHook": false,
              "skipped": false
            }
          ],
          "suites": [],
          "passes": [
            "bb3fd61a-7427-420d-a946-b32e9def9488",
            "542f3d90-37fb-4bf4-b66e-0d457ac43a96"
          ],
          "failures": [],
          "pending": [],
          "skipped": [],
          "duration": 5,
          "root": false,
          "rootEmpty": false,
          "_timeout": 3000
        }
      ],
      "passes": [],
      "failures": [],
      "pending": [],
      "skipped": [],
      "duration": 0,
      "root": true,
      "rootEmpty": true,
      "_timeout": 3000
    }
  ],
  "meta": {
    "mocha": {
      "version": "8.4.0"
    },
    "mochawesome": {
      "options": {
        "quiet": false,
        "reportFilename": "mochawesome",
        "saveHtml": true,
        "saveJson": true,
        "consoleReporter": "spec",
        "useInlineDiffs": false,
        "code": true
      },
      "version": "6.2.2"
    },
    "marge": {
      "options": null,
      "version": "5.2.0"
    }
  }
}